[train] N_train=30407 N_val=2344 window=8 sensors=26
[train] label_mean=[0.32655403 0.30284673 0.4886314 ] label_std=[0.2140973  0.24752632 0.30939233]
/opt/conda/envs/mlspaces/lib/python3.11/site-packages/torch/nn/modules/transformer.py:382: UserWarning: enable_nested_tensor is True, but self.use_nested_tensor is False because encoder_layer.norm_first was True
  warnings.warn(
wandb: [wandb.login()] Loaded credentials for https://api.wandb.ai from /home/jaydv/.netrc.
wandb: Currently logged in as: jayluvsgeography to https://api.wandb.ai. Use `wandb login --relogin` to force relogin
wandb: setting up run 2kxnb0zg
wandb: Tracking run with wandb version 0.26.1
wandb: Run data is saved locally in proximity-transformer/outputs_prox/runs/prox_encoder_v1/wandb/run-20260520_022318-2kxnb0zg
wandb: Run `wandb offline` to turn off syncing.
wandb: Syncing run prox_encoder_v1
wandb: ⭐️ View project at https://wandb.ai/jayluvsgeography/prox-encoder
wandb: 🚀 View run at https://wandb.ai/jayluvsgeography/prox-encoder/runs/2kxnb0zg
[train] sample shapes: prox=(256, 32, 8, 8) label=(256, 3) T=32
[train] model params: 0.82M
[train] step      1/10000 loss=1.0964 lr=6.00e-07 sps=1.2
[train] step    100/10000 loss=0.3628 lr=6.00e-05 sps=28.8
[train] step    200/10000 loss=0.2821 lr=1.20e-04 sps=32.3
[train] step    300/10000 loss=0.1580 lr=1.80e-04 sps=34.1
[train] step    400/10000 loss=0.1539 lr=2.40e-04 sps=34.0
[train] step    500/10000 loss=0.1028 lr=3.00e-04 sps=34.6
[val ] step    500: mse_n=0.0914 mae_m=(x=0.044,y=0.049,z=0.059) eucl_m_mean=0.102 median=0.084
[ckpt] new best mae_mean=0.051 -> ckpt_best.pt
[train] step    600/10000 loss=0.0664 lr=3.00e-04 sps=34.2
[train] step    700/10000 loss=0.0458 lr=3.00e-04 sps=34.7
[train] step    800/10000 loss=0.0466 lr=2.99e-04 sps=35.1
[train] step    900/10000 loss=0.0338 lr=2.99e-04 sps=35.1
[train] step   1000/10000 loss=0.0242 lr=2.98e-04 sps=35.2
[val ] step   1000: mse_n=0.0254 mae_m=(x=0.022,y=0.028,z=0.034) eucl_m_mean=0.056 median=0.048
[ckpt] new best mae_mean=0.028 -> ckpt_best.pt
[train] step   1100/10000 loss=0.0171 lr=2.97e-04 sps=35.0
[train] step   1200/10000 loss=0.0202 lr=2.96e-04 sps=34.9
[train] step   1300/10000 loss=0.0129 lr=2.95e-04 sps=35.1
[train] step   1400/10000 loss=0.0179 lr=2.94e-04 sps=35.4
[train] step   1500/10000 loss=0.0161 lr=2.92e-04 sps=35.4
[val ] step   1500: mse_n=0.0139 mae_m=(x=0.019,y=0.021,z=0.021) eucl_m_mean=0.041 median=0.034
[ckpt] new best mae_mean=0.020 -> ckpt_best.pt
[train] step   1600/10000 loss=0.0140 lr=2.91e-04 sps=35.3
[train] step   1700/10000 loss=0.0124 lr=2.89e-04 sps=35.3
[train] step   1800/10000 loss=0.0135 lr=2.87e-04 sps=35.4
[train] step   1900/10000 loss=0.0091 lr=2.85e-04 sps=35.5
[train] step   2000/10000 loss=0.0082 lr=2.83e-04 sps=35.6
[val ] step   2000: mse_n=0.0135 mae_m=(x=0.017,y=0.021,z=0.018) eucl_m_mean=0.038 median=0.029
[ckpt] new best mae_mean=0.019 -> ckpt_best.pt
[train] step   2100/10000 loss=0.0087 lr=2.80e-04 sps=35.4
[train] step   2200/10000 loss=0.0110 lr=2.78e-04 sps=35.4
[train] step   2300/10000 loss=0.0069 lr=2.75e-04 sps=35.4
[train] step   2400/10000 loss=0.0082 lr=2.72e-04 sps=35.5
[train] step   2500/10000 loss=0.0063 lr=2.69e-04 sps=35.4
[val ] step   2500: mse_n=0.0105 mae_m=(x=0.015,y=0.017,z=0.018) eucl_m_mean=0.032 median=0.026
[ckpt] new best mae_mean=0.016 -> ckpt_best.pt
[train] step   2600/10000 loss=0.0060 lr=2.66e-04 sps=35.4
[train] step   2700/10000 loss=0.0076 lr=2.63e-04 sps=35.6
[train] step   2800/10000 loss=0.0068 lr=2.60e-04 sps=35.5
[train] step   2900/10000 loss=0.0067 lr=2.57e-04 sps=35.6
[train] step   3000/10000 loss=0.0059 lr=2.53e-04 sps=35.6
[val ] step   3000: mse_n=0.0125 mae_m=(x=0.013,y=0.017,z=0.017) eucl_m_mean=0.032 median=0.023
[ckpt] new best mae_mean=0.016 -> ckpt_best.pt
[train] step   3100/10000 loss=0.0061 lr=2.50e-04 sps=35.5
[train] step   3200/10000 loss=0.0057 lr=2.46e-04 sps=35.6
[train] step   3300/10000 loss=0.0058 lr=2.42e-04 sps=35.6
[train] step   3400/10000 loss=0.0069 lr=2.38e-04 sps=35.6
[train] step   3500/10000 loss=0.0080 lr=2.34e-04 sps=35.7
[val ] step   3500: mse_n=0.0106 mae_m=(x=0.012,y=0.017,z=0.015) eucl_m_mean=0.029 median=0.022
[ckpt] new best mae_mean=0.015 -> ckpt_best.pt
[train] step   3600/10000 loss=0.0056 lr=2.30e-04 sps=35.6
[train] step   3700/10000 loss=0.0051 lr=2.26e-04 sps=35.6
[train] step   3800/10000 loss=0.0053 lr=2.22e-04 sps=35.6
[train] step   3900/10000 loss=0.0040 lr=2.18e-04 sps=35.6
[train] step   4000/10000 loss=0.0044 lr=2.13e-04 sps=35.8
[val ] step   4000: mse_n=0.0091 mae_m=(x=0.011,y=0.016,z=0.015) eucl_m_mean=0.028 median=0.021
[ckpt] new best mae_mean=0.014 -> ckpt_best.pt
[train] step   4100/10000 loss=0.0051 lr=2.09e-04 sps=35.6
[train] step   4200/10000 loss=0.0052 lr=2.04e-04 sps=35.7
[train] step   4300/10000 loss=0.0054 lr=2.00e-04 sps=35.7
[train] step   4400/10000 loss=0.0047 lr=1.95e-04 sps=35.7
[train] step   4500/10000 loss=0.0043 lr=1.91e-04 sps=35.7
[val ] step   4500: mse_n=0.0064 mae_m=(x=0.010,y=0.013,z=0.016) eucl_m_mean=0.026 median=0.020
[ckpt] new best mae_mean=0.013 -> ckpt_best.pt
[train] step   4600/10000 loss=0.0044 lr=1.86e-04 sps=35.7
[train] step   4700/10000 loss=0.0045 lr=1.81e-04 sps=35.7
[train] step   4800/10000 loss=0.0035 lr=1.77e-04 sps=35.7
[train] step   4900/10000 loss=0.0034 lr=1.72e-04 sps=35.7
[train] step   5000/10000 loss=0.0035 lr=1.67e-04 sps=35.7
[val ] step   5000: mse_n=0.0077 mae_m=(x=0.011,y=0.013,z=0.014) eucl_m_mean=0.025 median=0.019
[ckpt] new best mae_mean=0.013 -> ckpt_best.pt
[train] step   5100/10000 loss=0.0027 lr=1.62e-04 sps=35.6
[train] step   5200/10000 loss=0.0034 lr=1.57e-04 sps=35.7
[train] step   5300/10000 loss=0.0033 lr=1.53e-04 sps=35.7
[train] step   5400/10000 loss=0.0030 lr=1.48e-04 sps=35.7
[train] step   5500/10000 loss=0.0031 lr=1.43e-04 sps=35.7
[val ] step   5500: mse_n=0.0071 mae_m=(x=0.011,y=0.012,z=0.014) eucl_m_mean=0.025 median=0.018
[train] step   5600/10000 loss=0.0033 lr=1.38e-04 sps=35.7
[train] step   5700/10000 loss=0.0032 lr=1.34e-04 sps=35.7
[train] step   5800/10000 loss=0.0027 lr=1.29e-04 sps=35.7
[train] step   5900/10000 loss=0.0033 lr=1.24e-04 sps=35.8
[train] step   6000/10000 loss=0.0030 lr=1.19e-04 sps=35.8
[val ] step   6000: mse_n=0.0059 mae_m=(x=0.010,y=0.012,z=0.012) eucl_m_mean=0.023 median=0.017
[ckpt] new best mae_mean=0.012 -> ckpt_best.pt
[train] step   6100/10000 loss=0.0033 lr=1.15e-04 sps=35.7
[train] step   6200/10000 loss=0.0039 lr=1.10e-04 sps=35.7
[train] step   6300/10000 loss=0.0027 lr=1.06e-04 sps=35.7
[train] step   6400/10000 loss=0.0022 lr=1.01e-04 sps=35.8
[train] step   6500/10000 loss=0.0028 lr=9.68e-05 sps=35.8
[val ] step   6500: mse_n=0.0063 mae_m=(x=0.010,y=0.011,z=0.013) eucl_m_mean=0.023 median=0.016
[ckpt] new best mae_mean=0.011 -> ckpt_best.pt
[train] step   6600/10000 loss=0.0026 lr=9.24e-05 sps=35.8
[train] step   6700/10000 loss=0.0029 lr=8.81e-05 sps=35.8
[train] step   6800/10000 loss=0.0025 lr=8.39e-05 sps=35.8
[train] step   6900/10000 loss=0.0024 lr=7.98e-05 sps=35.8
[train] step   7000/10000 loss=0.0028 lr=7.57e-05 sps=35.8
[val ] step   7000: mse_n=0.0063 mae_m=(x=0.010,y=0.012,z=0.013) eucl_m_mean=0.023 median=0.017
[train] step   7100/10000 loss=0.0024 lr=7.18e-05 sps=35.8
[train] step   7200/10000 loss=0.0027 lr=6.79e-05 sps=35.8
[train] step   7300/10000 loss=0.0024 lr=6.41e-05 sps=35.8
[train] step   7400/10000 loss=0.0023 lr=6.04e-05 sps=35.8
[train] step   7500/10000 loss=0.0022 lr=5.68e-05 sps=35.8
[val ] step   7500: mse_n=0.0065 mae_m=(x=0.010,y=0.011,z=0.013) eucl_m_mean=0.022 median=0.016
[ckpt] new best mae_mean=0.011 -> ckpt_best.pt
[train] step   7600/10000 loss=0.0026 lr=5.34e-05 sps=35.8
[train] step   7700/10000 loss=0.0018 lr=5.00e-05 sps=35.8
[train] step   7800/10000 loss=0.0022 lr=4.67e-05 sps=35.8
[train] step   7900/10000 loss=0.0030 lr=4.36e-05 sps=35.8
[train] step   8000/10000 loss=0.0021 lr=4.06e-05 sps=35.8
[val ] step   8000: mse_n=0.0061 mae_m=(x=0.008,y=0.011,z=0.011) eucl_m_mean=0.021 median=0.014
[ckpt] new best mae_mean=0.010 -> ckpt_best.pt
[train] step   8100/10000 loss=0.0024 lr=3.77e-05 sps=35.8
[train] step   8200/10000 loss=0.0020 lr=3.50e-05 sps=35.8
[train] step   8300/10000 loss=0.0021 lr=3.23e-05 sps=35.8
[train] step   8400/10000 loss=0.0021 lr=2.99e-05 sps=35.8
[train] step   8500/10000 loss=0.0019 lr=2.75e-05 sps=35.8
[val ] step   8500: mse_n=0.0060 mae_m=(x=0.009,y=0.011,z=0.012) eucl_m_mean=0.021 median=0.015
[train] step   8600/10000 loss=0.0021 lr=2.53e-05 sps=35.8
[train] step   8700/10000 loss=0.0019 lr=2.32e-05 sps=35.8
[train] step   8800/10000 loss=0.0018 lr=2.13e-05 sps=35.8
[train] step   8900/10000 loss=0.0022 lr=1.95e-05 sps=35.8
[train] step   9000/10000 loss=0.0019 lr=1.79e-05 sps=35.8
[val ] step   9000: mse_n=0.0059 mae_m=(x=0.008,y=0.010,z=0.011) eucl_m_mean=0.020 median=0.014
[ckpt] new best mae_mean=0.010 -> ckpt_best.pt
[train] step   9100/10000 loss=0.0021 lr=1.64e-05 sps=35.7
[train] step   9200/10000 loss=0.0020 lr=1.51e-05 sps=35.8
[train] step   9300/10000 loss=0.0021 lr=1.39e-05 sps=35.8
[train] step   9400/10000 loss=0.0017 lr=1.29e-05 sps=35.8
[train] step   9500/10000 loss=0.0023 lr=1.20e-05 sps=35.8
[val ] step   9500: mse_n=0.0061 mae_m=(x=0.009,y=0.010,z=0.011) eucl_m_mean=0.020 median=0.014
[train] step   9600/10000 loss=0.0019 lr=1.13e-05 sps=35.8
[train] step   9700/10000 loss=0.0027 lr=1.07e-05 sps=35.8
[train] step   9800/10000 loss=0.0019 lr=1.03e-05 sps=35.8
[train] step   9900/10000 loss=0.0017 lr=1.01e-05 sps=35.8
[train] step  10000/10000 loss=0.0017 lr=1.00e-05 sps=35.8
wandb: uploading history steps 91-95, summary, console lines 125-130; updating run metadata
wandb: uploading history steps 91-95, summary, console lines 125-130; uploading config.yaml; uploading output.log; uploading wandb-summary.json
wandb: uploading history steps 91-95, summary, console lines 125-130
wandb: uploading history steps 96-100, summary, console lines 131-137
wandb: 
wandb: Run history:
wandb:   train/loss_mse_norm █▆▄▃▂▁▁▁▁▁▁▁▁▁▁▁▁▁▁▁▁▁▁▁▁▁▁▁▁▁▁▁▁▁▁▁▁▁▁▁
wandb:              train/lr ▇████▇▇▇▇▇▆▆▆▆▅▅▄▄▄▄▄▃▃▃▃▃▃▂▂▂▂▂▂▁▁▁▁▁▁▁
wandb:             train/sps ▁███████████████████████████████████████
wandb:   val/val_eucl_m_mean █▄▃▃▂▂▂▂▂▁▁▁▁▁▁▁▁▁▁▁
wandb: val/val_eucl_m_median █▄▃▂▂▂▂▂▂▁▁▁▁▁▁▁▁▁▁▁
wandb:    val/val_eucl_m_p90 █▄▃▃▂▂▂▂▂▁▁▁▁▁▁▁▁▁▁▁
wandb:    val/val_mae_m_mean █▄▃▂▂▂▂▂▂▁▁▁▁▁▁▁▁▁▁▁
wandb:       val/val_mae_m_x █▄▃▃▂▂▂▂▁▁▂▁▁▁▁▁▁▁▁▁
wandb:       val/val_mae_m_y █▄▃▃▂▂▂▂▂▁▁▁▁▁▁▁▁▁▁▁
wandb:       val/val_mae_m_z █▄▂▂▂▂▂▂▂▁▁▁▁▁▁▁▁▁▁▁
wandb:                    +2 ...
wandb: 
wandb: Run summary:
wandb:   best_val_mae_m_mean 0.01006
wandb:   train/loss_mse_norm 0.00175
wandb:              train/lr 1e-05
wandb:             train/sps 35.83264
wandb:   val/val_eucl_m_mean 0.02009
wandb: val/val_eucl_m_median 0.01386
wandb:    val/val_eucl_m_p90 0.03032
wandb:    val/val_mae_m_mean 0.01006
wandb:       val/val_mae_m_x 0.00836
wandb:       val/val_mae_m_y 0.01018
wandb:                    +3 ...
wandb: 
wandb: 🚀 View run prox_encoder_v1 at: https://wandb.ai/jayluvsgeography/prox-encoder/runs/2kxnb0zg
wandb: ⭐️ View project at: https://wandb.ai/jayluvsgeography/prox-encoder
wandb: Synced 5 W&B file(s), 0 media file(s), 0 artifact file(s) and 0 other file(s)
wandb: Find logs at: proximity-transformer/outputs_prox/runs/prox_encoder_v1/wandb/run-20260520_022318-2kxnb0zg/logs
[val ] step  10000: mse_n=0.0053 mae_m=(x=0.008,y=0.010,z=0.012) eucl_m_mean=0.020 median=0.014
[ckpt] new best mae_mean=0.010 -> ckpt_best.pt
[done] best val mae_mean = 0.010 m
