/opt/conda/envs/mlspaces/lib/python3.11/site-packages/torchvision/models/_utils.py:208: UserWarning: The parameter 'pretrained' is deprecated since 0.13 and may be removed in the future, please use 'weights' instead.
  warnings.warn(
/opt/conda/envs/mlspaces/lib/python3.11/site-packages/torchvision/models/_utils.py:223: UserWarning: Arguments other than a weight enum or `None` for 'weights' are deprecated since 0.13 and may be removed in the future. The current behavior is equivalent to passing `weights=ResNet18_Weights.IMAGENET1K_V1`. You can also use `weights=ResNet18_Weights.DEFAULT` to get the most up-to-date weights.
  warnings.warn(msg)
[run] writing checkpoints under /home/jaydv/code/prox_learning/runs/smoke_vlm_only_act_v3_full
[model] use_proximity=False, params=96.28M
[dataset] indexed 36 trajectories, 9430 timesteps
[step     100] loss=6.9040 l1=0.2775 kl=0.6627  20.0 samp/s
[step     200] loss=3.0747 l1=0.2262 kl=0.2849  21.0 samp/s
[step     300] loss=2.7217 l1=0.1907 kl=0.2531  21.2 samp/s
[step     400] loss=2.4412 l1=0.1739 kl=0.2267  21.3 samp/s
[step     500] loss=2.2802 l1=0.1667 kl=0.2113  21.3 samp/s
[step     600] loss=2.1752 l1=0.1645 kl=0.2011  21.5 samp/s
[step     700] loss=2.0386 l1=0.1528 kl=0.1886  21.6 samp/s
[step     800] loss=1.9438 l1=0.1466 kl=0.1797  21.6 samp/s
[step     900] loss=1.8721 l1=0.1478 kl=0.1724  21.7 samp/s
[step    1000] loss=1.8152 l1=0.1416 kl=0.1674  21.7 samp/s
[step    1100] loss=1.7544 l1=0.1391 kl=0.1615  21.6 samp/s
[step    1200] loss=1.6810 l1=0.1344 kl=0.1547  21.6 samp/s
[step    1300] loss=1.6100 l1=0.1385 kl=0.1471  21.6 samp/s
[step    1400] loss=1.5796 l1=0.1295 kl=0.1450  21.7 samp/s
[step    1500] loss=1.5409 l1=0.1320 kl=0.1409  21.7 samp/s
[step    1600] loss=1.4729 l1=0.1326 kl=0.1340  21.6 samp/s
[step    1700] loss=1.4340 l1=0.1315 kl=0.1302  21.6 samp/s
[step    1800] loss=1.4081 l1=0.1270 kl=0.1281  21.7 samp/s
[step    1900] loss=1.3410 l1=0.1275 kl=0.1213  21.7 samp/s
[step    2000] loss=1.3118 l1=0.1287 kl=0.1183  21.7 samp/s
[ckpt] saved /home/jaydv/code/prox_learning/runs/smoke_vlm_only_act_v3_full/step_00002000.pt
[step    2100] loss=1.2736 l1=0.1232 kl=0.1150  21.6 samp/s
[step    2200] loss=1.2512 l1=0.1242 kl=0.1127  21.6 samp/s
[step    2300] loss=1.1923 l1=0.1250 kl=0.1067  21.7 samp/s
[step    2400] loss=1.1813 l1=0.1204 kl=0.1061  21.7 samp/s
[step    2500] loss=1.1357 l1=0.1223 kl=0.1013  21.7 samp/s
[step    2600] loss=1.1093 l1=0.1241 kl=0.0985  21.7 samp/s
[step    2700] loss=1.0720 l1=0.1161 kl=0.0956  21.7 samp/s
[step    2800] loss=1.0499 l1=0.1171 kl=0.0933  21.7 samp/s
[step    2900] loss=1.0124 l1=0.1167 kl=0.0896  21.7 samp/s
[step    3000] loss=1.0012 l1=0.1185 kl=0.0883  21.7 samp/s
[step    3100] loss=0.9533 l1=0.1180 kl=0.0835  21.7 samp/s
[step    3200] loss=0.9288 l1=0.1167 kl=0.0812  21.7 samp/s
[step    3300] loss=0.9046 l1=0.1145 kl=0.0790  21.7 samp/s
[step    3400] loss=0.8831 l1=0.1148 kl=0.0768  21.7 samp/s
[step    3500] loss=0.8641 l1=0.1124 kl=0.0752  21.7 samp/s
[step    3600] loss=0.8399 l1=0.1122 kl=0.0728  21.7 samp/s
[step    3700] loss=0.8204 l1=0.1108 kl=0.0710  21.7 samp/s
[step    3800] loss=0.7848 l1=0.1108 kl=0.0674  21.7 samp/s
[step    3900] loss=0.7538 l1=0.1062 kl=0.0648  21.7 samp/s
[step    4000] loss=0.7260 l1=0.1012 kl=0.0625  21.7 samp/s
[ckpt] saved /home/jaydv/code/prox_learning/runs/smoke_vlm_only_act_v3_full/step_00004000.pt
[step    4100] loss=0.7172 l1=0.1034 kl=0.0614  21.7 samp/s
[step    4200] loss=0.6740 l1=0.1008 kl=0.0573  21.7 samp/s
[step    4300] loss=0.6612 l1=0.1013 kl=0.0560  21.7 samp/s
[step    4400] loss=0.6454 l1=0.0976 kl=0.0548  21.7 samp/s
[step    4500] loss=0.6390 l1=0.1015 kl=0.0538  21.7 samp/s
[step    4600] loss=0.6057 l1=0.0996 kl=0.0506  21.7 samp/s
[step    4700] loss=0.5977 l1=0.0932 kl=0.0504  21.7 samp/s
[step    4800] loss=0.5735 l1=0.0940 kl=0.0479  21.7 samp/s
[step    4900] loss=0.5549 l1=0.0943 kl=0.0461  21.7 samp/s
[step    5000] loss=0.5369 l1=0.0917 kl=0.0445  21.7 samp/s
[step    5100] loss=0.5214 l1=0.0921 kl=0.0429  21.7 samp/s
[step    5200] loss=0.5070 l1=0.0926 kl=0.0414  21.7 samp/s
[step    5300] loss=0.4980 l1=0.0930 kl=0.0405  21.7 samp/s
[step    5400] loss=0.4787 l1=0.0926 kl=0.0386  21.7 samp/s
[step    5500] loss=0.4632 l1=0.0865 kl=0.0377  21.7 samp/s
[step    5600] loss=0.4569 l1=0.0850 kl=0.0372  21.7 samp/s
[step    5700] loss=0.4367 l1=0.0856 kl=0.0351  21.7 samp/s
[step    5800] loss=0.4319 l1=0.0874 kl=0.0344  21.7 samp/s
[step    5900] loss=0.4096 l1=0.0809 kl=0.0329  21.7 samp/s
[step    6000] loss=0.4067 l1=0.0827 kl=0.0324  21.7 samp/s
[ckpt] saved /home/jaydv/code/prox_learning/runs/smoke_vlm_only_act_v3_full/step_00006000.pt
[step    6100] loss=0.3955 l1=0.0839 kl=0.0312  21.7 samp/s
[step    6200] loss=0.3850 l1=0.0832 kl=0.0302  21.7 samp/s
[step    6300] loss=0.3762 l1=0.0807 kl=0.0296  21.7 samp/s
[step    6400] loss=0.3663 l1=0.0800 kl=0.0286  21.7 samp/s
[step    6500] loss=0.3521 l1=0.0764 kl=0.0276  21.7 samp/s
[step    6600] loss=0.3387 l1=0.0790 kl=0.0260  21.7 samp/s
[step    6700] loss=0.3352 l1=0.0759 kl=0.0259  21.7 samp/s
[step    6800] loss=0.3286 l1=0.0778 kl=0.0251  21.7 samp/s
[step    6900] loss=0.3257 l1=0.0764 kl=0.0249  21.7 samp/s
[step    7000] loss=0.3165 l1=0.0793 kl=0.0237  21.7 samp/s
[step    7100] loss=0.3106 l1=0.0749 kl=0.0236  21.7 samp/s
[step    7200] loss=0.3001 l1=0.0726 kl=0.0228  21.7 samp/s
[step    7300] loss=0.2890 l1=0.0734 kl=0.0216  21.7 samp/s
[step    7400] loss=0.2892 l1=0.0691 kl=0.0220  21.7 samp/s
[step    7500] loss=0.2827 l1=0.0761 kl=0.0207  21.7 samp/s
[step    7600] loss=0.2713 l1=0.0706 kl=0.0201  21.7 samp/s
[step    7700] loss=0.2711 l1=0.0727 kl=0.0198  21.7 samp/s
[step    7800] loss=0.2638 l1=0.0706 kl=0.0193  21.7 samp/s
[step    7900] loss=0.2585 l1=0.0677 kl=0.0191  21.7 samp/s
[step    8000] loss=0.2503 l1=0.0658 kl=0.0185  21.7 samp/s
[ckpt] saved /home/jaydv/code/prox_learning/runs/smoke_vlm_only_act_v3_full/step_00008000.pt
[step    8100] loss=0.2510 l1=0.0666 kl=0.0184  21.7 samp/s
[step    8200] loss=0.2419 l1=0.0646 kl=0.0177  21.7 samp/s
[step    8300] loss=0.2378 l1=0.0637 kl=0.0174  21.7 samp/s
[step    8400] loss=0.2366 l1=0.0671 kl=0.0170  21.7 samp/s
[step    8500] loss=0.2317 l1=0.0663 kl=0.0165  21.7 samp/s
[step    8600] loss=0.2203 l1=0.0625 kl=0.0158  21.7 samp/s
[step    8700] loss=0.2221 l1=0.0618 kl=0.0160  21.7 samp/s
[step    8800] loss=0.2153 l1=0.0615 kl=0.0154  21.7 samp/s
[step    8900] loss=0.2186 l1=0.0614 kl=0.0157  21.7 samp/s
[step    9000] loss=0.2097 l1=0.0609 kl=0.0149  21.7 samp/s
[step    9100] loss=0.2027 l1=0.0612 kl=0.0142  21.7 samp/s
[step    9200] loss=0.2031 l1=0.0630 kl=0.0140  21.7 samp/s
[step    9300] loss=0.2007 l1=0.0594 kl=0.0141  21.7 samp/s
[step    9400] loss=0.1925 l1=0.0575 kl=0.0135  21.7 samp/s
[step    9500] loss=0.1912 l1=0.0571 kl=0.0134  21.7 samp/s
[step    9600] loss=0.1922 l1=0.0602 kl=0.0132  21.7 samp/s
[step    9700] loss=0.1855 l1=0.0579 kl=0.0128  21.7 samp/s
[step    9800] loss=0.1799 l1=0.0558 kl=0.0124  21.7 samp/s
[step    9900] loss=0.1835 l1=0.0598 kl=0.0124  21.7 samp/s
[step   10000] loss=0.1760 l1=0.0571 kl=0.0119  21.7 samp/s
[ckpt] saved /home/jaydv/code/prox_learning/runs/smoke_vlm_only_act_v3_full/step_00010000.pt
[step   10100] loss=0.1782 l1=0.0583 kl=0.0120  21.7 samp/s
[step   10200] loss=0.1721 l1=0.0556 kl=0.0116  21.7 samp/s
[step   10300] loss=0.1714 l1=0.0567 kl=0.0115  21.7 samp/s
[step   10400] loss=0.1668 l1=0.0559 kl=0.0111  21.7 samp/s
[step   10500] loss=0.1624 l1=0.0555 kl=0.0107  21.7 samp/s
[step   10600] loss=0.1624 l1=0.0547 kl=0.0108  21.7 samp/s
[step   10700] loss=0.1617 l1=0.0530 kl=0.0109  21.7 samp/s
[step   10800] loss=0.1612 l1=0.0549 kl=0.0106  21.7 samp/s
[step   10900] loss=0.1619 l1=0.0555 kl=0.0106  21.7 samp/s
[step   11000] loss=0.1575 l1=0.0559 kl=0.0102  21.7 samp/s
[step   11100] loss=0.1538 l1=0.0520 kl=0.0102  21.7 samp/s
[step   11200] loss=0.1524 l1=0.0535 kl=0.0099  21.7 samp/s
[step   11300] loss=0.1478 l1=0.0515 kl=0.0096  21.7 samp/s
[step   11400] loss=0.1497 l1=0.0540 kl=0.0096  21.7 samp/s
[step   11500] loss=0.1453 l1=0.0513 kl=0.0094  21.7 samp/s
[step   11600] loss=0.1438 l1=0.0530 kl=0.0091  21.7 samp/s
[step   11700] loss=0.1442 l1=0.0539 kl=0.0090  21.7 samp/s
[step   11800] loss=0.1409 l1=0.0537 kl=0.0087  21.7 samp/s
[step   11900] loss=0.1398 l1=0.0529 kl=0.0087  21.7 samp/s
[step   12000] loss=0.1375 l1=0.0498 kl=0.0088  21.7 samp/s
[ckpt] saved /home/jaydv/code/prox_learning/runs/smoke_vlm_only_act_v3_full/step_00012000.pt
[step   12100] loss=0.1343 l1=0.0512 kl=0.0083  21.7 samp/s
[step   12200] loss=0.1360 l1=0.0518 kl=0.0084  21.7 samp/s
[step   12300] loss=0.1302 l1=0.0502 kl=0.0080  21.7 samp/s
[step   12400] loss=0.1321 l1=0.0480 kl=0.0084  21.7 samp/s
[step   12500] loss=0.1289 l1=0.0499 kl=0.0079  21.7 samp/s
[step   12600] loss=0.1282 l1=0.0487 kl=0.0079  21.7 samp/s
[step   12700] loss=0.1225 l1=0.0485 kl=0.0074  21.7 samp/s
[step   12800] loss=0.1253 l1=0.0515 kl=0.0074  21.7 samp/s
[step   12900] loss=0.1251 l1=0.0496 kl=0.0076  21.7 samp/s
[step   13000] loss=0.1242 l1=0.0500 kl=0.0074  21.7 samp/s
[step   13100] loss=0.1192 l1=0.0470 kl=0.0072  21.7 samp/s
[step   13200] loss=0.1168 l1=0.0470 kl=0.0070  21.7 samp/s
[step   13300] loss=0.1198 l1=0.0491 kl=0.0071  21.7 samp/s
[step   13400] loss=0.1149 l1=0.0481 kl=0.0067  21.7 samp/s
[step   13500] loss=0.1119 l1=0.0466 kl=0.0065  21.7 samp/s
[step   13600] loss=0.1171 l1=0.0480 kl=0.0069  21.7 samp/s
[step   13700] loss=0.1160 l1=0.0472 kl=0.0069  21.7 samp/s
[step   13800] loss=0.1102 l1=0.0450 kl=0.0065  21.7 samp/s
[step   13900] loss=0.1091 l1=0.0465 kl=0.0063  21.7 samp/s
[step   14000] loss=0.1116 l1=0.0483 kl=0.0063  21.7 samp/s
[ckpt] saved /home/jaydv/code/prox_learning/runs/smoke_vlm_only_act_v3_full/step_00014000.pt
[step   14100] loss=0.1108 l1=0.0482 kl=0.0063  21.7 samp/s
[step   14200] loss=0.1071 l1=0.0476 kl=0.0060  21.7 samp/s
[step   14300] loss=0.1037 l1=0.0455 kl=0.0058  21.7 samp/s
[step   14400] loss=0.1052 l1=0.0462 kl=0.0059  21.7 samp/s
[step   14500] loss=0.1043 l1=0.0457 kl=0.0059  21.7 samp/s
[step   14600] loss=0.1051 l1=0.0465 kl=0.0059  21.7 samp/s
[step   14700] loss=0.1045 l1=0.0463 kl=0.0058  21.7 samp/s
[step   14800] loss=0.1016 l1=0.0471 kl=0.0054  21.7 samp/s
[step   14900] loss=0.1003 l1=0.0460 kl=0.0054  21.7 samp/s
[step   15000] loss=0.0994 l1=0.0445 kl=0.0055  21.7 samp/s
[step   15100] loss=0.0976 l1=0.0431 kl=0.0055  21.7 samp/s
[step   15200] loss=0.1005 l1=0.0438 kl=0.0057  21.7 samp/s
[step   15300] loss=0.0978 l1=0.0446 kl=0.0053  21.7 samp/s
[step   15400] loss=0.0948 l1=0.0441 kl=0.0051  21.7 samp/s
[step   15500] loss=0.0950 l1=0.0440 kl=0.0051  21.7 samp/s
[step   15600] loss=0.0953 l1=0.0453 kl=0.0050  21.7 samp/s
[step   15700] loss=0.0924 l1=0.0435 kl=0.0049  21.7 samp/s
[step   15800] loss=0.0915 l1=0.0424 kl=0.0049  21.7 samp/s
[step   15900] loss=0.0926 l1=0.0430 kl=0.0050  21.7 samp/s
[step   16000] loss=0.0920 l1=0.0434 kl=0.0049  21.7 samp/s
[ckpt] saved /home/jaydv/code/prox_learning/runs/smoke_vlm_only_act_v3_full/step_00016000.pt
[step   16100] loss=0.0899 l1=0.0429 kl=0.0047  21.7 samp/s
[step   16200] loss=0.0910 l1=0.0454 kl=0.0046  21.7 samp/s
[step   16300] loss=0.0869 l1=0.0408 kl=0.0046  21.7 samp/s
[step   16400] loss=0.0894 l1=0.0434 kl=0.0046  21.7 samp/s
[step   16500] loss=0.0884 l1=0.0441 kl=0.0044  21.7 samp/s
[step   16600] loss=0.0860 l1=0.0419 kl=0.0044  21.7 samp/s
[step   16700] loss=0.0885 l1=0.0439 kl=0.0045  21.7 samp/s
[step   16800] loss=0.0860 l1=0.0423 kl=0.0044  21.7 samp/s
[step   16900] loss=0.0850 l1=0.0413 kl=0.0044  21.7 samp/s
[step   17000] loss=0.0853 l1=0.0437 kl=0.0042  21.7 samp/s
[step   17100] loss=0.0840 l1=0.0421 kl=0.0042  21.7 samp/s
[step   17200] loss=0.0844 l1=0.0430 kl=0.0041  21.7 samp/s
[step   17300] loss=0.0831 l1=0.0419 kl=0.0041  21.7 samp/s
[step   17400] loss=0.0812 l1=0.0413 kl=0.0040  21.7 samp/s
[step   17500] loss=0.0797 l1=0.0405 kl=0.0039  21.7 samp/s
[step   17600] loss=0.0807 l1=0.0426 kl=0.0038  21.7 samp/s
[step   17700] loss=0.0785 l1=0.0394 kl=0.0039  21.7 samp/s
[step   17800] loss=0.0777 l1=0.0393 kl=0.0038  21.7 samp/s
[step   17900] loss=0.0790 l1=0.0416 kl=0.0037  21.7 samp/s
[step   18000] loss=0.0766 l1=0.0401 kl=0.0036  21.7 samp/s
[ckpt] saved /home/jaydv/code/prox_learning/runs/smoke_vlm_only_act_v3_full/step_00018000.pt
[step   18100] loss=0.0768 l1=0.0403 kl=0.0036  21.7 samp/s
[step   18200] loss=0.0768 l1=0.0414 kl=0.0035  21.7 samp/s
[step   18300] loss=0.0751 l1=0.0398 kl=0.0035  21.7 samp/s
[step   18400] loss=0.0761 l1=0.0411 kl=0.0035  21.7 samp/s
[step   18500] loss=0.0781 l1=0.0433 kl=0.0035  21.7 samp/s
[step   18600] loss=0.0758 l1=0.0403 kl=0.0036  21.7 samp/s
[step   18700] loss=0.0732 l1=0.0391 kl=0.0034  21.7 samp/s
[step   18800] loss=0.0741 l1=0.0408 kl=0.0033  21.7 samp/s
[step   18900] loss=0.0745 l1=0.0404 kl=0.0034  21.7 samp/s
[step   19000] loss=0.0721 l1=0.0391 kl=0.0033  21.7 samp/s
[step   19100] loss=0.0732 l1=0.0407 kl=0.0033  21.7 samp/s
[step   19200] loss=0.0732 l1=0.0405 kl=0.0033  21.7 samp/s
[step   19300] loss=0.0704 l1=0.0398 kl=0.0031  21.7 samp/s
[step   19400] loss=0.0693 l1=0.0379 kl=0.0031  21.7 samp/s
[step   19500] loss=0.0713 l1=0.0396 kl=0.0032  21.7 samp/s
[step   19600] loss=0.0681 l1=0.0376 kl=0.0030  21.7 samp/s
[step   19700] loss=0.0683 l1=0.0395 kl=0.0029  21.7 samp/s
[step   19800] loss=0.0674 l1=0.0375 kl=0.0030  21.7 samp/s
[step   19900] loss=0.0682 l1=0.0391 kl=0.0029  21.7 samp/s
[step   20000] loss=0.0689 l1=0.0390 kl=0.0030  21.7 samp/s
[ckpt] saved /home/jaydv/code/prox_learning/runs/smoke_vlm_only_act_v3_full/step_00020000.pt
[done] final ckpt /home/jaydv/code/prox_learning/runs/smoke_vlm_only_act_v3_full/step_00020000.pt
