/opt/conda/envs/mlspaces/lib/python3.11/site-packages/torchvision/models/_utils.py:208: UserWarning: The parameter 'pretrained' is deprecated since 0.13 and may be removed in the future, please use 'weights' instead.
  warnings.warn(
/opt/conda/envs/mlspaces/lib/python3.11/site-packages/torchvision/models/_utils.py:223: UserWarning: Arguments other than a weight enum or `None` for 'weights' are deprecated since 0.13 and may be removed in the future. The current behavior is equivalent to passing `weights=ResNet18_Weights.IMAGENET1K_V1`. You can also use `weights=ResNet18_Weights.DEFAULT` to get the most up-to-date weights.
  warnings.warn(msg)
[run] writing checkpoints under /home/jaydv/code/prox_learning/runs/smoke_pla_v3_full
[model] use_proximity=True, params=96.37M
[dataset] indexed 36 trajectories, 9430 timesteps
[step     100] loss=6.9830 l1=0.2663 kl=0.6717  18.0 samp/s
[step     200] loss=3.0127 l1=0.2116 kl=0.2801  18.4 samp/s
[step     300] loss=2.6720 l1=0.1885 kl=0.2484  18.8 samp/s
[step     400] loss=2.4444 l1=0.1738 kl=0.2271  19.0 samp/s
[step     500] loss=2.3059 l1=0.1675 kl=0.2138  19.1 samp/s
[step     600] loss=2.1506 l1=0.1595 kl=0.1991  19.1 samp/s
[step     700] loss=2.0436 l1=0.1575 kl=0.1886  19.2 samp/s
[step     800] loss=1.9520 l1=0.1501 kl=0.1802  19.2 samp/s
[step     900] loss=1.8932 l1=0.1450 kl=0.1748  19.3 samp/s
[step    1000] loss=1.8170 l1=0.1459 kl=0.1671  19.3 samp/s
[step    1100] loss=1.7615 l1=0.1382 kl=0.1623  19.4 samp/s
[step    1200] loss=1.6935 l1=0.1406 kl=0.1553  19.5 samp/s
[step    1300] loss=1.6257 l1=0.1370 kl=0.1489  19.5 samp/s
[step    1400] loss=1.5591 l1=0.1346 kl=0.1424  19.5 samp/s
[step    1500] loss=1.5183 l1=0.1352 kl=0.1383  19.5 samp/s
[step    1600] loss=1.4922 l1=0.1320 kl=0.1360  19.5 samp/s
[step    1700] loss=1.4300 l1=0.1341 kl=0.1296  19.5 samp/s
[step    1800] loss=1.3572 l1=0.1200 kl=0.1237  19.5 samp/s
[step    1900] loss=1.3386 l1=0.1244 kl=0.1214  19.5 samp/s
[step    2000] loss=1.3205 l1=0.1189 kl=0.1202  19.5 samp/s
[ckpt] saved /home/jaydv/code/prox_learning/runs/smoke_pla_v3_full/step_00002000.pt
[step    2100] loss=1.2547 l1=0.1146 kl=0.1140  19.5 samp/s
[step    2200] loss=1.2462 l1=0.1180 kl=0.1128  19.5 samp/s
[step    2300] loss=1.1841 l1=0.1148 kl=0.1069  19.5 samp/s
[step    2400] loss=1.1581 l1=0.1135 kl=0.1045  19.5 samp/s
[step    2500] loss=1.1206 l1=0.1065 kl=0.1014  19.4 samp/s
[step    2600] loss=1.0783 l1=0.1051 kl=0.0973  19.4 samp/s
[step    2700] loss=1.0613 l1=0.1044 kl=0.0957  19.5 samp/s
[step    2800] loss=1.0244 l1=0.0998 kl=0.0925  19.5 samp/s
[step    2900] loss=0.9969 l1=0.0947 kl=0.0902  19.5 samp/s
[step    3000] loss=0.9720 l1=0.0921 kl=0.0880  19.5 samp/s
[step    3100] loss=0.9511 l1=0.0907 kl=0.0860  19.5 samp/s
[step    3200] loss=0.9178 l1=0.0873 kl=0.0831  19.4 samp/s
[step    3300] loss=0.8820 l1=0.0839 kl=0.0798  19.5 samp/s
[step    3400] loss=0.8460 l1=0.0842 kl=0.0762  19.5 samp/s
[step    3500] loss=0.8270 l1=0.0798 kl=0.0747  19.5 samp/s
[step    3600] loss=0.8078 l1=0.0808 kl=0.0727  19.5 samp/s
[step    3700] loss=0.7701 l1=0.0789 kl=0.0691  19.5 samp/s
[step    3800] loss=0.7599 l1=0.0738 kl=0.0686  19.5 samp/s
[step    3900] loss=0.7437 l1=0.0760 kl=0.0668  19.5 samp/s
[step    4000] loss=0.7075 l1=0.0742 kl=0.0633  19.5 samp/s
[ckpt] saved /home/jaydv/code/prox_learning/runs/smoke_pla_v3_full/step_00004000.pt
[step    4100] loss=0.6864 l1=0.0696 kl=0.0617  19.4 samp/s
[step    4200] loss=0.6648 l1=0.0736 kl=0.0591  19.4 samp/s
[step    4300] loss=0.6375 l1=0.0690 kl=0.0569  19.4 samp/s
[step    4400] loss=0.6198 l1=0.0737 kl=0.0546  19.4 samp/s
[step    4500] loss=0.5977 l1=0.0679 kl=0.0530  19.4 samp/s
[step    4600] loss=0.5889 l1=0.0677 kl=0.0521  19.4 samp/s
[step    4700] loss=0.5677 l1=0.0662 kl=0.0501  19.4 samp/s
[step    4800] loss=0.5471 l1=0.0653 kl=0.0482  19.4 samp/s
[step    4900] loss=0.5423 l1=0.0653 kl=0.0477  19.4 samp/s
[step    5000] loss=0.5252 l1=0.0666 kl=0.0459  19.4 samp/s
[step    5100] loss=0.4975 l1=0.0635 kl=0.0434  19.4 samp/s
[step    5200] loss=0.4853 l1=0.0628 kl=0.0422  19.4 samp/s
[step    5300] loss=0.4744 l1=0.0629 kl=0.0412  19.4 samp/s
[step    5400] loss=0.4562 l1=0.0626 kl=0.0394  19.4 samp/s
[step    5500] loss=0.4361 l1=0.0618 kl=0.0374  19.4 samp/s
[step    5600] loss=0.4234 l1=0.0600 kl=0.0363  19.4 samp/s
[step    5700] loss=0.4212 l1=0.0611 kl=0.0360  19.4 samp/s
[step    5800] loss=0.4071 l1=0.0606 kl=0.0346  19.4 samp/s
[step    5900] loss=0.3958 l1=0.0573 kl=0.0338  19.4 samp/s
[step    6000] loss=0.3776 l1=0.0568 kl=0.0321  19.4 samp/s
[ckpt] saved /home/jaydv/code/prox_learning/runs/smoke_pla_v3_full/step_00006000.pt
[step    6100] loss=0.3744 l1=0.0576 kl=0.0317  19.4 samp/s
[step    6200] loss=0.3627 l1=0.0572 kl=0.0306  19.4 samp/s
[step    6300] loss=0.3555 l1=0.0554 kl=0.0300  19.4 samp/s
[step    6400] loss=0.3355 l1=0.0556 kl=0.0280  19.4 samp/s
[step    6500] loss=0.3314 l1=0.0542 kl=0.0277  19.4 samp/s
[step    6600] loss=0.3222 l1=0.0569 kl=0.0265  19.4 samp/s
[step    6700] loss=0.3110 l1=0.0537 kl=0.0257  19.4 samp/s
[step    6800] loss=0.3038 l1=0.0531 kl=0.0251  19.4 samp/s
[step    6900] loss=0.3027 l1=0.0535 kl=0.0249  19.4 samp/s
[step    7000] loss=0.2967 l1=0.0531 kl=0.0244  19.4 samp/s
[step    7100] loss=0.2841 l1=0.0543 kl=0.0230  19.4 samp/s
[step    7200] loss=0.2788 l1=0.0520 kl=0.0227  19.4 samp/s
[step    7300] loss=0.2744 l1=0.0537 kl=0.0221  19.4 samp/s
[step    7400] loss=0.2707 l1=0.0508 kl=0.0220  19.4 samp/s
[step    7500] loss=0.2607 l1=0.0542 kl=0.0207  19.4 samp/s
[step    7600] loss=0.2577 l1=0.0512 kl=0.0206  19.4 samp/s
[step    7700] loss=0.2483 l1=0.0516 kl=0.0197  19.4 samp/s
[step    7800] loss=0.2466 l1=0.0488 kl=0.0198  19.4 samp/s
[step    7900] loss=0.2395 l1=0.0477 kl=0.0192  19.4 samp/s
[step    8000] loss=0.2338 l1=0.0495 kl=0.0184  19.4 samp/s
[ckpt] saved /home/jaydv/code/prox_learning/runs/smoke_pla_v3_full/step_00008000.pt
[step    8100] loss=0.2318 l1=0.0483 kl=0.0184  19.4 samp/s
[step    8200] loss=0.2277 l1=0.0493 kl=0.0178  19.4 samp/s
[step    8300] loss=0.2268 l1=0.0493 kl=0.0178  19.4 samp/s
[step    8400] loss=0.2150 l1=0.0474 kl=0.0168  19.4 samp/s
[step    8500] loss=0.2114 l1=0.0475 kl=0.0164  19.4 samp/s
[step    8600] loss=0.2138 l1=0.0482 kl=0.0166  19.4 samp/s
[step    8700] loss=0.2057 l1=0.0492 kl=0.0156  19.4 samp/s
[step    8800] loss=0.2004 l1=0.0480 kl=0.0152  19.4 samp/s
[step    8900] loss=0.2023 l1=0.0460 kl=0.0156  19.4 samp/s
[step    9000] loss=0.1973 l1=0.0460 kl=0.0151  19.4 samp/s
[step    9100] loss=0.1893 l1=0.0467 kl=0.0143  19.4 samp/s
[step    9200] loss=0.1888 l1=0.0464 kl=0.0142  19.4 samp/s
[step    9300] loss=0.1865 l1=0.0461 kl=0.0140  19.4 samp/s
[step    9400] loss=0.1830 l1=0.0446 kl=0.0138  19.4 samp/s
[step    9500] loss=0.1809 l1=0.0477 kl=0.0133  19.4 samp/s
[step    9600] loss=0.1732 l1=0.0456 kl=0.0128  19.4 samp/s
[step    9700] loss=0.1735 l1=0.0444 kl=0.0129  19.4 samp/s
[step    9800] loss=0.1702 l1=0.0439 kl=0.0126  19.4 samp/s
[step    9900] loss=0.1689 l1=0.0430 kl=0.0126  19.4 samp/s
[step   10000] loss=0.1684 l1=0.0455 kl=0.0123  19.4 samp/s
[ckpt] saved /home/jaydv/code/prox_learning/runs/smoke_pla_v3_full/step_00010000.pt
[step   10100] loss=0.1640 l1=0.0437 kl=0.0120  19.4 samp/s
[step   10200] loss=0.1624 l1=0.0453 kl=0.0117  19.4 samp/s
[step   10300] loss=0.1636 l1=0.0459 kl=0.0118  19.4 samp/s
[step   10400] loss=0.1541 l1=0.0418 kl=0.0112  19.4 samp/s
[step   10500] loss=0.1543 l1=0.0436 kl=0.0111  19.4 samp/s
[step   10600] loss=0.1525 l1=0.0432 kl=0.0109  19.4 samp/s
[step   10700] loss=0.1483 l1=0.0426 kl=0.0106  19.4 samp/s
[step   10800] loss=0.1479 l1=0.0432 kl=0.0105  19.4 samp/s
[step   10900] loss=0.1435 l1=0.0409 kl=0.0103  19.4 samp/s
[step   11000] loss=0.1460 l1=0.0427 kl=0.0103  19.4 samp/s
[step   11100] loss=0.1416 l1=0.0446 kl=0.0097  19.4 samp/s
[step   11200] loss=0.1412 l1=0.0420 kl=0.0099  19.4 samp/s
[step   11300] loss=0.1392 l1=0.0437 kl=0.0096  19.4 samp/s
[step   11400] loss=0.1342 l1=0.0408 kl=0.0093  19.4 samp/s
[step   11500] loss=0.1332 l1=0.0397 kl=0.0093  19.4 samp/s
[step   11600] loss=0.1337 l1=0.0418 kl=0.0092  19.4 samp/s
[step   11700] loss=0.1317 l1=0.0407 kl=0.0091  19.4 samp/s
[step   11800] loss=0.1303 l1=0.0408 kl=0.0089  19.3 samp/s
[step   11900] loss=0.1277 l1=0.0407 kl=0.0087  19.3 samp/s
[step   12000] loss=0.1279 l1=0.0406 kl=0.0087  19.3 samp/s
[ckpt] saved /home/jaydv/code/prox_learning/runs/smoke_pla_v3_full/step_00012000.pt
[step   12100] loss=0.1267 l1=0.0403 kl=0.0086  19.3 samp/s
[step   12200] loss=0.1230 l1=0.0397 kl=0.0083  19.3 samp/s
[step   12300] loss=0.1238 l1=0.0401 kl=0.0084  19.3 samp/s
[step   12400] loss=0.1200 l1=0.0415 kl=0.0078  19.3 samp/s
[step   12500] loss=0.1174 l1=0.0377 kl=0.0080  19.3 samp/s
[step   12600] loss=0.1182 l1=0.0412 kl=0.0077  19.3 samp/s
[step   12700] loss=0.1130 l1=0.0374 kl=0.0076  19.3 samp/s
[step   12800] loss=0.1167 l1=0.0401 kl=0.0077  19.3 samp/s
[step   12900] loss=0.1173 l1=0.0396 kl=0.0078  19.3 samp/s
[step   13000] loss=0.1159 l1=0.0409 kl=0.0075  19.3 samp/s
[step   13100] loss=0.1118 l1=0.0390 kl=0.0073  19.4 samp/s
[step   13200] loss=0.1100 l1=0.0391 kl=0.0071  19.4 samp/s
[step   13300] loss=0.1089 l1=0.0393 kl=0.0070  19.4 samp/s
[step   13400] loss=0.1093 l1=0.0379 kl=0.0071  19.4 samp/s
[step   13500] loss=0.1055 l1=0.0383 kl=0.0067  19.4 samp/s
[step   13600] loss=0.1037 l1=0.0382 kl=0.0066  19.4 samp/s
[step   13700] loss=0.1053 l1=0.0387 kl=0.0067  19.4 samp/s
[step   13800] loss=0.1037 l1=0.0375 kl=0.0066  19.4 samp/s
[step   13900] loss=0.1004 l1=0.0368 kl=0.0064  19.4 samp/s
[step   14000] loss=0.1000 l1=0.0379 kl=0.0062  19.4 samp/s
[ckpt] saved /home/jaydv/code/prox_learning/runs/smoke_pla_v3_full/step_00014000.pt
[step   14100] loss=0.0992 l1=0.0364 kl=0.0063  19.4 samp/s
[step   14200] loss=0.1012 l1=0.0377 kl=0.0063  19.4 samp/s
[step   14300] loss=0.0996 l1=0.0371 kl=0.0062  19.4 samp/s
[step   14400] loss=0.0989 l1=0.0394 kl=0.0059  19.4 samp/s
[step   14500] loss=0.1015 l1=0.0396 kl=0.0062  19.4 samp/s
[step   14600] loss=0.0977 l1=0.0367 kl=0.0061  19.4 samp/s
[step   14700] loss=0.0940 l1=0.0367 kl=0.0057  19.4 samp/s
[step   14800] loss=0.0937 l1=0.0379 kl=0.0056  19.4 samp/s
[step   14900] loss=0.0946 l1=0.0373 kl=0.0057  19.4 samp/s
[step   15000] loss=0.0911 l1=0.0357 kl=0.0055  19.4 samp/s
[step   15100] loss=0.0912 l1=0.0366 kl=0.0055  19.4 samp/s
[step   15200] loss=0.0910 l1=0.0357 kl=0.0055  19.4 samp/s
[step   15300] loss=0.0909 l1=0.0374 kl=0.0054  19.4 samp/s
[step   15400] loss=0.0866 l1=0.0349 kl=0.0052  19.4 samp/s
[step   15500] loss=0.0880 l1=0.0384 kl=0.0050  19.4 samp/s
[step   15600] loss=0.0871 l1=0.0372 kl=0.0050  19.4 samp/s
[step   15700] loss=0.0873 l1=0.0364 kl=0.0051  19.3 samp/s
[step   15800] loss=0.0889 l1=0.0385 kl=0.0050  19.4 samp/s
[step   15900] loss=0.0879 l1=0.0371 kl=0.0051  19.4 samp/s
[step   16000] loss=0.0845 l1=0.0356 kl=0.0049  19.3 samp/s
[ckpt] saved /home/jaydv/code/prox_learning/runs/smoke_pla_v3_full/step_00016000.pt
[step   16100] loss=0.0847 l1=0.0350 kl=0.0050  19.3 samp/s
[step   16200] loss=0.0806 l1=0.0332 kl=0.0047  19.3 samp/s
[step   16300] loss=0.0813 l1=0.0355 kl=0.0046  19.3 samp/s
[step   16400] loss=0.0841 l1=0.0363 kl=0.0048  19.3 samp/s
[step   16500] loss=0.0785 l1=0.0345 kl=0.0044  19.3 samp/s
[step   16600] loss=0.0825 l1=0.0360 kl=0.0047  19.3 samp/s
[step   16700] loss=0.0782 l1=0.0342 kl=0.0044  19.3 samp/s
[step   16800] loss=0.0771 l1=0.0332 kl=0.0044  19.3 samp/s
[step   16900] loss=0.0801 l1=0.0360 kl=0.0044  19.3 samp/s
[step   17000] loss=0.0765 l1=0.0347 kl=0.0042  19.3 samp/s
[step   17100] loss=0.0770 l1=0.0337 kl=0.0043  19.3 samp/s
[step   17200] loss=0.0765 l1=0.0348 kl=0.0042  19.3 samp/s
[step   17300] loss=0.0741 l1=0.0345 kl=0.0040  19.3 samp/s
[step   17400] loss=0.0736 l1=0.0348 kl=0.0039  19.3 samp/s
[step   17500] loss=0.0767 l1=0.0372 kl=0.0040  19.3 samp/s
[step   17600] loss=0.0746 l1=0.0356 kl=0.0039  19.3 samp/s
[step   17700] loss=0.0725 l1=0.0333 kl=0.0039  19.3 samp/s
[step   17800] loss=0.0710 l1=0.0320 kl=0.0039  19.3 samp/s
[step   17900] loss=0.0716 l1=0.0332 kl=0.0038  19.3 samp/s
[step   18000] loss=0.0716 l1=0.0329 kl=0.0039  19.3 samp/s
[ckpt] saved /home/jaydv/code/prox_learning/runs/smoke_pla_v3_full/step_00018000.pt
[step   18100] loss=0.0718 l1=0.0340 kl=0.0038  19.3 samp/s
[step   18200] loss=0.0687 l1=0.0323 kl=0.0036  19.3 samp/s
[step   18300] loss=0.0700 l1=0.0344 kl=0.0036  19.3 samp/s
[step   18400] loss=0.0697 l1=0.0337 kl=0.0036  19.3 samp/s
[step   18500] loss=0.0696 l1=0.0342 kl=0.0035  19.3 samp/s
[step   18600] loss=0.0702 l1=0.0328 kl=0.0037  19.3 samp/s
[step   18700] loss=0.0670 l1=0.0324 kl=0.0035  19.3 samp/s
[step   18800] loss=0.0688 l1=0.0350 kl=0.0034  19.3 samp/s
[step   18900] loss=0.0668 l1=0.0325 kl=0.0034  19.3 samp/s
[step   19000] loss=0.0659 l1=0.0327 kl=0.0033  19.3 samp/s
[step   19100] loss=0.0670 l1=0.0339 kl=0.0033  19.3 samp/s
[step   19200] loss=0.0664 l1=0.0339 kl=0.0032  19.3 samp/s
[step   19300] loss=0.0651 l1=0.0318 kl=0.0033  19.3 samp/s
[step   19400] loss=0.0645 l1=0.0320 kl=0.0033  19.3 samp/s
[step   19500] loss=0.0633 l1=0.0325 kl=0.0031  19.3 samp/s
[step   19600] loss=0.0632 l1=0.0317 kl=0.0032  19.3 samp/s
[step   19700] loss=0.0646 l1=0.0339 kl=0.0031  19.3 samp/s
[step   19800] loss=0.0619 l1=0.0321 kl=0.0030  19.3 samp/s
[step   19900] loss=0.0637 l1=0.0324 kl=0.0031  19.3 samp/s
[step   20000] loss=0.0619 l1=0.0321 kl=0.0030  19.3 samp/s
[ckpt] saved /home/jaydv/code/prox_learning/runs/smoke_pla_v3_full/step_00020000.pt
[done] final ckpt /home/jaydv/code/prox_learning/runs/smoke_pla_v3_full/step_00020000.pt
